<?xml version="1.0" encoding="UTF-8"?>
<!-- Generated by org.testng.reporters.JUnitReportReporter -->
<testsuite hostname="NPF0TH6P8" name="com.goss.maven.quickstart.AppTest" tests="1" failures="0" timestamp="10 Jan 2019 16:54:52 GMT" time="19.664" errors="0">
  <testcase name="Test" time="19.664" classname="com.goss.maven.quickstart.AppTest"/>
</testsuite> <!-- com.goss.maven.quickstart.AppTest -->
