<?xml version="1.0" encoding="UTF-8"?>
<!-- Generated by org.testng.reporters.JUnitReportReporter -->
<testsuite hostname="NPF0TH6P8" name="com.goss.maven.quickstart.AppTestTest" tests="1" failures="0" timestamp="8 Jan 2019 16:41:37 GMT" time="0.013" errors="0">
  <testcase name="AppTest" time="0.013" classname="com.goss.maven.quickstart.AppTestTest"/>
</testsuite> <!-- com.goss.maven.quickstart.AppTestTest -->
